<?xml version="1.0" encoding="UTF-8"?>
<testng-results skipped="0" failed="1" total="12" passed="11">
  <reporter-output>
  </reporter-output>
  <suite name="Loan Dept" duration-ms="29" started-at="2022-02-21T14:34:48Z" finished-at="2022-02-21T14:34:48Z">
    <groups>
      <group name="Smoke">
        <method signature="day2.Demo3()[pri:0, instance:TestNGProject.day2@6debcae2]" name="Demo3" class="TestNGProject.day2"/>
        <method signature="day3.LoginAPICarLoan(java.lang.String, java.lang.String)[pri:0, instance:TestNGProject.day3@2d6e8792]" name="LoginAPICarLoan" class="TestNGProject.day3"/>
        <method signature="day3.MobileLoginLoan(java.lang.String)[pri:0, instance:TestNGProject.day3@2d6e8792]" name="MobileLoginLoan" class="TestNGProject.day3"/>
      </group> <!-- Smoke -->
    </groups>
    <test name="Personal Loan" duration-ms="29" started-at="2022-02-21T14:34:48Z" finished-at="2022-02-21T14:34:48Z">
      <class name="TestNGProject.day2">
        <test-method status="PASS" signature="Demo4()[pri:0, instance:TestNGProject.day2@6debcae2]" name="Demo4" duration-ms="1" started-at="2022-02-21T09:34:48Z" finished-at="2022-02-21T09:34:48Z">
          <reporter-output>
          </reporter-output>
        </test-method> <!-- Demo4 -->
        <test-method status="PASS" signature="Demo3()[pri:0, instance:TestNGProject.day2@6debcae2]" name="Demo3" duration-ms="0" started-at="2022-02-21T09:34:48Z" finished-at="2022-02-21T09:34:48Z">
          <reporter-output>
          </reporter-output>
        </test-method> <!-- Demo3 -->
      </class> <!-- TestNGProject.day2 -->
      <class name="TestNGProject.day1">
        <test-method status="PASS" signature="Demo1(java.lang.String)[pri:0, instance:TestNGProject.day1@6bdf28bb]" name="Demo1" duration-ms="0" started-at="2022-02-21T09:34:48Z" finished-at="2022-02-21T09:34:48Z">
          <params>
            <param index="0">
              <value>
                <![CDATA[personalloan.com]]>
              </value>
            </param>
          </params>
          <reporter-output>
          </reporter-output>
        </test-method> <!-- Demo1 -->
        <test-method status="FAIL" signature="Demo(java.lang.String, java.lang.String)[pri:0, instance:TestNGProject.day1@6bdf28bb]" name="Demo" duration-ms="3" started-at="2022-02-21T09:34:48Z" finished-at="2022-02-21T09:34:48Z">
          <params>
            <param index="0">
              <value>
                <![CDATA[personalloan.com]]>
              </value>
            </param>
            <param index="1">
              <value>
                <![CDATA[123456]]>
              </value>
            </param>
          </params>
          <exception class="java.lang.AssertionError">
            <message>
              <![CDATA[expected [true] but found [false]]]>
            </message>
            <full-stacktrace>
              <![CDATA[java.lang.AssertionError: expected [true] but found [false]
	at org.testng.Assert.fail(Assert.java:94)
	at org.testng.Assert.failNotEquals(Assert.java:494)
	at org.testng.Assert.assertTrue(Assert.java:42)
	at org.testng.Assert.assertTrue(Assert.java:52)
	at TestNGProject.day1.Demo(day1.java:14)
	at sun.reflect.NativeMethodAccessorImpl.invoke0(Native Method)
	at sun.reflect.NativeMethodAccessorImpl.invoke(NativeMethodAccessorImpl.java:62)
	at sun.reflect.DelegatingMethodAccessorImpl.invoke(DelegatingMethodAccessorImpl.java:43)
	at java.lang.reflect.Method.invoke(Method.java:498)
	at org.testng.internal.MethodInvocationHelper.invokeMethod(MethodInvocationHelper.java:85)
	at org.testng.internal.Invoker.invokeMethod(Invoker.java:696)
	at org.testng.internal.Invoker.invokeTestMethod(Invoker.java:882)
	at org.testng.internal.Invoker.invokeTestMethods(Invoker.java:1189)
	at org.testng.internal.TestMethodWorker.invokeTestMethods(TestMethodWorker.java:124)
	at org.testng.internal.TestMethodWorker.run(TestMethodWorker.java:108)
	at org.testng.TestRunner.privateRun(TestRunner.java:767)
	at org.testng.TestRunner.run(TestRunner.java:617)
	at org.testng.SuiteRunner.runTest(SuiteRunner.java:348)
	at org.testng.SuiteRunner.access$000(SuiteRunner.java:38)
	at org.testng.SuiteRunner$SuiteWorker.run(SuiteRunner.java:382)
	at org.testng.internal.thread.ThreadUtil$2.call(ThreadUtil.java:64)
	at java.util.concurrent.FutureTask.run(FutureTask.java:266)
	at java.util.concurrent.ThreadPoolExecutor.runWorker(ThreadPoolExecutor.java:1149)
	at java.util.concurrent.ThreadPoolExecutor$Worker.run(ThreadPoolExecutor.java:624)
	at java.lang.Thread.run(Thread.java:748)
]]>
            </full-stacktrace>
          </exception> <!-- java.lang.AssertionError -->
          <reporter-output>
          </reporter-output>
        </test-method> <!-- Demo -->
      </class> <!-- TestNGProject.day1 -->
      <class name="TestNGProject.day4">
        <test-method status="PASS" signature="MobileLoginHomeLoan()[pri:0, instance:TestNGProject.day4@6b71769e]" name="MobileLoginHomeLoan" duration-ms="0" started-at="2022-02-21T09:34:48Z" finished-at="2022-02-21T09:34:48Z">
          <reporter-output>
          </reporter-output>
        </test-method> <!-- MobileLoginHomeLoan -->
        <test-method status="PASS" signature="WebLoginHomeLoan()[pri:0, instance:TestNGProject.day4@6b71769e]" name="WebLoginHomeLoan" duration-ms="2" started-at="2022-02-21T09:34:48Z" finished-at="2022-02-21T09:34:48Z">
          <reporter-output>
          </reporter-output>
        </test-method> <!-- WebLoginHomeLoan -->
        <test-method status="PASS" signature="LoginAPICarHomeLoan()[pri:0, instance:TestNGProject.day4@6b71769e]" name="LoginAPICarHomeLoan" duration-ms="1" started-at="2022-02-21T09:34:48Z" depends-on-methods="TestNGProject.day4.MobileLoginHomeLoan, TestNGProject.day4.WebLoginHomeLoan" finished-at="2022-02-21T09:34:48Z">
          <reporter-output>
          </reporter-output>
        </test-method> <!-- LoginAPICarHomeLoan -->
      </class> <!-- TestNGProject.day4 -->
    </test> <!-- Personal Loan -->
    <test name="Car Loan" duration-ms="28" started-at="2022-02-21T14:34:48Z" finished-at="2022-02-21T14:34:48Z">
      <class name="TestNGProject.day3">
        <test-method status="PASS" signature="BFSuite()[pri:0, instance:TestNGProject.day3@2d6e8792]" name="BFSuite" is-config="true" duration-ms="17" started-at="2022-02-21T09:34:48Z" finished-at="2022-02-21T09:34:48Z">
          <reporter-output>
          </reporter-output>
        </test-method> <!-- BFSuite -->
        <test-method status="PASS" signature="BeforeTest()[pri:0, instance:TestNGProject.day3@2d6e8792]" name="BeforeTest" is-config="true" duration-ms="0" started-at="2022-02-21T09:34:48Z" finished-at="2022-02-21T09:34:48Z">
          <reporter-output>
          </reporter-output>
        </test-method> <!-- BeforeTest -->
        <test-method status="PASS" signature="BeforeLoginLoan()[pri:0, instance:TestNGProject.day3@2d6e8792]" name="BeforeLoginLoan" is-config="true" duration-ms="0" started-at="2022-02-21T09:34:48Z" finished-at="2022-02-21T09:34:48Z">
          <reporter-output>
          </reporter-output>
        </test-method> <!-- BeforeLoginLoan -->
        <test-method status="PASS" signature="BeforeMobileLoginLoan()[pri:0, instance:TestNGProject.day3@2d6e8792]" name="BeforeMobileLoginLoan" is-config="true" duration-ms="1" started-at="2022-02-21T09:34:48Z" finished-at="2022-02-21T09:34:48Z">
          <reporter-output>
          </reporter-output>
        </test-method> <!-- BeforeMobileLoginLoan -->
        <test-method status="PASS" signature="LoginAPICarLoan(java.lang.String, java.lang.String)[pri:0, instance:TestNGProject.day3@2d6e8792]" name="LoginAPICarLoan" duration-ms="1" started-at="2022-02-21T09:34:48Z" data-provider="getData" finished-at="2022-02-21T09:34:48Z">
          <params>
            <param index="0">
              <value>
                <![CDATA[firstusername]]>
              </value>
            </param>
            <param index="1">
              <value>
                <![CDATA[passwordforfirst]]>
              </value>
            </param>
          </params>
          <reporter-output>
          </reporter-output>
        </test-method> <!-- LoginAPICarLoan -->
        <test-method status="PASS" signature="AfterMobileLoginLoan()[pri:0, instance:TestNGProject.day3@2d6e8792]" name="AfterMobileLoginLoan" is-config="true" duration-ms="1" started-at="2022-02-21T09:34:48Z" finished-at="2022-02-21T09:34:48Z">
          <reporter-output>
          </reporter-output>
        </test-method> <!-- AfterMobileLoginLoan -->
        <test-method status="PASS" signature="BeforeMobileLoginLoan()[pri:0, instance:TestNGProject.day3@2d6e8792]" name="BeforeMobileLoginLoan" is-config="true" duration-ms="0" started-at="2022-02-21T09:34:48Z" finished-at="2022-02-21T09:34:48Z">
          <reporter-output>
          </reporter-output>
        </test-method> <!-- BeforeMobileLoginLoan -->
        <test-method status="PASS" signature="LoginAPICarLoan(java.lang.String, java.lang.String)[pri:0, instance:TestNGProject.day3@2d6e8792]" name="LoginAPICarLoan" duration-ms="0" started-at="2022-02-21T09:34:48Z" data-provider="getData" finished-at="2022-02-21T09:34:48Z">
          <params>
            <param index="0">
              <value>
                <![CDATA[secondusername]]>
              </value>
            </param>
            <param index="1">
              <value>
                <![CDATA[passwordforsecond]]>
              </value>
            </param>
          </params>
          <reporter-output>
          </reporter-output>
        </test-method> <!-- LoginAPICarLoan -->
        <test-method status="PASS" signature="LoginAPICarLoan(java.lang.String, java.lang.String)[pri:0, instance:TestNGProject.day3@2d6e8792]" name="LoginAPICarLoan" duration-ms="1" started-at="2022-02-21T09:34:48Z" data-provider="getData" finished-at="2022-02-21T09:34:48Z">
          <params>
            <param index="0">
              <value>
                <![CDATA[thirdusername]]>
              </value>
            </param>
            <param index="1">
              <value>
                <![CDATA[thirdpassword]]>
              </value>
            </param>
          </params>
          <reporter-output>
          </reporter-output>
        </test-method> <!-- LoginAPICarLoan -->
        <test-method status="PASS" signature="BeforeMobileLoginLoan()[pri:0, instance:TestNGProject.day3@2d6e8792]" name="BeforeMobileLoginLoan" is-config="true" duration-ms="0" started-at="2022-02-21T09:34:48Z" finished-at="2022-02-21T09:34:48Z">
          <reporter-output>
          </reporter-output>
        </test-method> <!-- BeforeMobileLoginLoan -->
        <test-method status="PASS" signature="AfterMobileLoginLoan()[pri:0, instance:TestNGProject.day3@2d6e8792]" name="AfterMobileLoginLoan" is-config="true" duration-ms="0" started-at="2022-02-21T09:34:48Z" finished-at="2022-02-21T09:34:48Z">
          <reporter-output>
          </reporter-output>
        </test-method> <!-- AfterMobileLoginLoan -->
        <test-method status="PASS" signature="AfterMobileLoginLoan()[pri:0, instance:TestNGProject.day3@2d6e8792]" name="AfterMobileLoginLoan" is-config="true" duration-ms="0" started-at="2022-02-21T09:34:48Z" finished-at="2022-02-21T09:34:48Z">
          <reporter-output>
          </reporter-output>
        </test-method> <!-- AfterMobileLoginLoan -->
        <test-method status="PASS" signature="BeforeMobileLoginLoan()[pri:0, instance:TestNGProject.day3@2d6e8792]" name="BeforeMobileLoginLoan" is-config="true" duration-ms="7" started-at="2022-02-21T09:34:48Z" finished-at="2022-02-21T09:34:48Z">
          <reporter-output>
          </reporter-output>
        </test-method> <!-- BeforeMobileLoginLoan -->
        <test-method status="PASS" signature="MobileLoginLoan(java.lang.String)[pri:0, instance:TestNGProject.day3@2d6e8792]" name="MobileLoginLoan" duration-ms="1" started-at="2022-02-21T09:34:48Z" finished-at="2022-02-21T09:34:48Z">
          <params>
            <param index="0">
              <value>
                <![CDATA[carloan.com]]>
              </value>
            </param>
          </params>
          <reporter-output>
          </reporter-output>
        </test-method> <!-- MobileLoginLoan -->
        <test-method status="PASS" signature="AfterMobileLoginLoan()[pri:0, instance:TestNGProject.day3@2d6e8792]" name="AfterMobileLoginLoan" is-config="true" duration-ms="1" started-at="2022-02-21T09:34:48Z" finished-at="2022-02-21T09:34:48Z">
          <reporter-output>
          </reporter-output>
        </test-method> <!-- AfterMobileLoginLoan -->
        <test-method status="PASS" signature="BeforeMobileLoginLoan()[pri:0, instance:TestNGProject.day3@2d6e8792]" name="BeforeMobileLoginLoan" is-config="true" duration-ms="1" started-at="2022-02-21T09:34:48Z" finished-at="2022-02-21T09:34:48Z">
          <reporter-output>
          </reporter-output>
        </test-method> <!-- BeforeMobileLoginLoan -->
        <test-method status="PASS" signature="WebLoginLoan(java.lang.String)[pri:0, instance:TestNGProject.day3@2d6e8792]" name="WebLoginLoan" duration-ms="0" started-at="2022-02-21T09:34:48Z" finished-at="2022-02-21T09:34:48Z">
          <params>
            <param index="0">
              <value>
                <![CDATA[carloan.com]]>
              </value>
            </param>
          </params>
          <reporter-output>
          </reporter-output>
        </test-method> <!-- WebLoginLoan -->
        <test-method status="PASS" signature="AfterMobileLoginLoan()[pri:0, instance:TestNGProject.day3@2d6e8792]" name="AfterMobileLoginLoan" is-config="true" duration-ms="0" started-at="2022-02-21T09:34:48Z" finished-at="2022-02-21T09:34:48Z">
          <reporter-output>
          </reporter-output>
        </test-method> <!-- AfterMobileLoginLoan -->
        <test-method status="PASS" signature="AfterLoginLoan()[pri:0, instance:TestNGProject.day3@2d6e8792]" name="AfterLoginLoan" is-config="true" duration-ms="0" started-at="2022-02-21T09:34:48Z" finished-at="2022-02-21T09:34:48Z">
          <reporter-output>
          </reporter-output>
        </test-method> <!-- AfterLoginLoan -->
        <test-method status="PASS" signature="AfterTest()[pri:0, instance:TestNGProject.day3@2d6e8792]" name="AfterTest" is-config="true" duration-ms="1" started-at="2022-02-21T09:34:48Z" finished-at="2022-02-21T09:34:48Z">
          <reporter-output>
          </reporter-output>
        </test-method> <!-- AfterTest -->
        <test-method status="PASS" signature="AFSuite()[pri:0, instance:TestNGProject.day3@2d6e8792]" name="AFSuite" is-config="true" duration-ms="1" started-at="2022-02-21T09:34:48Z" finished-at="2022-02-21T09:34:48Z">
          <reporter-output>
          </reporter-output>
        </test-method> <!-- AFSuite -->
      </class> <!-- TestNGProject.day3 -->
    </test> <!-- Car Loan -->
  </suite> <!-- Loan Dept -->
</testng-results>
